Copyright 1986-2017 Xilinx, Inc. All Rights Reserved.
------------------------------------------------------------------------------------
| Tool Version : Vivado v.2017.4 (win64) Build 2086221 Fri Dec 15 20:55:39 MST 2017
| Date         : Sun May 25 23:34:37 2025
| Host         : LAPTOP-MS0PAGLN running 64-bit major release  (build 9200)
| Command      : report_control_sets -verbose -file CPU_control_sets_placed.rpt
| Design       : CPU
| Device       : xc7a35t
------------------------------------------------------------------------------------

Control Set Information

Table of Contents
-----------------
1. Summary
2. Flip-Flop Distribution
3. Detailed Control Set Information

1. Summary
----------

+----------------------------------------------------------+-------+
|                          Status                          | Count |
+----------------------------------------------------------+-------+
| Number of unique control sets                            |    43 |
| Unused register locations in slices containing registers |    31 |
+----------------------------------------------------------+-------+


2. Flip-Flop Distribution
-------------------------

+--------------+-----------------------+------------------------+-----------------+--------------+
| Clock Enable | Synchronous Set/Reset | Asynchronous Set/Reset | Total Registers | Total Slices |
+--------------+-----------------------+------------------------+-----------------+--------------+
| No           | No                    | No                     |              37 |           13 |
| No           | No                    | Yes                    |              32 |            8 |
| No           | Yes                   | No                     |              88 |           26 |
| Yes          | No                    | No                     |               0 |            0 |
| Yes          | No                    | Yes                    |              28 |           10 |
| Yes          | Yes                   | No                     |            1024 |          617 |
+--------------+-----------------------+------------------------+-----------------+--------------+


3. Detailed Control Set Information
-----------------------------------

+-----------------------------------+-----------------------------------+---------------------------------+------------------+----------------+
|            Clock Signal           |           Enable Signal           |         Set/Reset Signal        | Slice Load Count | Bel Load Count |
+-----------------------------------+-----------------------------------+---------------------------------+------------------+----------------+
|  fpgaClk_IBUF_BUFG                |                                   |                                 |                1 |              1 |
| ~clock/clkGenerator/inst/clk_out1 |                                   |                                 |                2 |              2 |
|  tubeModule/divClk                |                                   | tubeModule/tube0[7]_i_1_n_0     |                1 |              7 |
|  tubeModule/divClk                |                                   | tubeModule/tube1[7]_i_1_n_0     |                1 |              7 |
| ~fpgaClk_IBUF_BUFG                | iFetch/switchReadData_reg[0]      | decoder/SR[0]                   |                4 |             12 |
| ~clock/clkGenerator/inst/clk_out1 | iFetch/led_reg[15]_4[0]           | decoder/SR[0]                   |                6 |             16 |
|  fpgaClk_IBUF_BUFG                |                                   | tubeModule/divClkCnt[0]_i_1_n_0 |                5 |             19 |
|  tubeModule/divClk                |                                   | decoder/SR[0]                   |                9 |             23 |
|  clock/clkGenerator/inst/clk_out1 | iFetch/registers_reg[1][31][0]    | decoder/SR[0]                   |               19 |             32 |
|  clock/clkGenerator/inst/clk_out1 | iFetch/registers_reg[13][31][0]   | decoder/SR[0]                   |               15 |             32 |
|  clock/clkGenerator/inst/clk_out1 | iFetch/registers_reg[18][31][0]   | decoder/SR[0]                   |               19 |             32 |
|  clock/clkGenerator/inst/clk_out1 | iFetch/registers_reg[17][31][0]   | decoder/SR[0]                   |               19 |             32 |
|  clock/clkGenerator/inst/clk_out1 | iFetch/registers_reg[12][31][0]   | decoder/SR[0]                   |               20 |             32 |
|  clock/clkGenerator/inst/clk_out1 | iFetch/registers_reg[16][31][0]   | decoder/SR[0]                   |               20 |             32 |
|  clock/clkGenerator/inst/clk_out1 | iFetch/registers_reg[26][31][0]   | decoder/SR[0]                   |               20 |             32 |
|  clock/clkGenerator/inst/clk_out1 | iFetch/registers_reg[23][31][0]   | decoder/SR[0]                   |               23 |             32 |
|  clock/clkGenerator/inst/clk_out1 | iFetch/registers_reg[25][31][0]   | decoder/SR[0]                   |               15 |             32 |
|  clock/clkGenerator/inst/clk_out1 | iFetch/registers_reg[4][31][0]    | decoder/SR[0]                   |               19 |             32 |
|  clock/clkGenerator/inst/clk_out1 | iFetch/registers_reg[5][31][0]    | decoder/SR[0]                   |               21 |             32 |
|  clock/clkGenerator/inst/clk_out1 | iFetch/registers_reg[3][31][0]    | decoder/SR[0]                   |               22 |             32 |
|  clock/clkGenerator/inst/clk_out1 | iFetch/registers_reg[24][31][0]   | decoder/SR[0]                   |               13 |             32 |
|  clock/clkGenerator/inst/clk_out1 | iFetch/registers_reg[10][31][0]   | decoder/SR[0]                   |               20 |             32 |
|  clock/clkGenerator/inst/clk_out1 | iFetch/registers_reg[22][31][0]   | decoder/SR[0]                   |               19 |             32 |
|  clock/clkGenerator/inst/clk_out1 | iFetch/registers_reg[8][31][0]    | decoder/SR[0]                   |               19 |             32 |
|  clock/clkGenerator/inst/clk_out1 | iFetch/registers_reg[27][31][0]   | decoder/SR[0]                   |               18 |             32 |
|  clock/clkGenerator/inst/clk_out1 | iFetch/registers_reg[30][31][0]   | decoder/SR[0]                   |               18 |             32 |
|  clock/clkGenerator/inst/clk_out1 | iFetch/registers_reg[6][0][0]     | decoder/SR[0]                   |               25 |             32 |
|  clock/clkGenerator/inst/clk_out1 | iFetch/registers_reg[9][31][0]    | decoder/SR[0]                   |               21 |             32 |
|  clock/clkGenerator/inst/clk_out1 | iFetch/registers_reg[28][31][0]   | decoder/SR[0]                   |               19 |             32 |
|  clock/clkGenerator/inst/clk_out1 | iFetch/registers_reg[2][31][0]    | decoder/SR[0]                   |               17 |             32 |
|  clock/clkGenerator/inst/clk_out1 | iFetch/registers_reg[21][31][0]   | decoder/SR[0]                   |               20 |             32 |
|  clock/clkGenerator/inst/clk_out1 | iFetch/registers_reg[29][31][0]   | decoder/SR[0]                   |               19 |             32 |
|  clock/clkGenerator/inst/clk_out1 | iFetch/registers_reg[19][31][0]   | decoder/SR[0]                   |               20 |             32 |
| ~clock/clkGenerator/inst/clk_out1 |                                   | decoder/SR[0]                   |                8 |             32 |
|  clock/clkGenerator/inst/clk_out1 |                                   | decoder/SR[0]                   |               10 |             32 |
|  clock/clkGenerator/inst/clk_out1 | iFetch/registers_reg[15][31][0]   | decoder/SR[0]                   |               21 |             32 |
|  clock/clkGenerator/inst/clk_out1 | iFetch/registers_reg[7][31][0]    | decoder/SR[0]                   |               26 |             32 |
|  clock/clkGenerator/inst/clk_out1 | iFetch/registers_reg[11][31][0]   | decoder/SR[0]                   |               18 |             32 |
|  clock/clkGenerator/inst/clk_out1 | iFetch/registers_reg[14][31][0]   | decoder/SR[0]                   |               20 |             32 |
|  clock/clkGenerator/inst/clk_out1 | iFetch/registers_reg[20][31][0]   | decoder/SR[0]                   |               21 |             32 |
|  fpgaClk_IBUF_BUFG                | iFetch/E[0]                       | decoder/SR[0]                   |                9 |             32 |
|  clock/clkGenerator/inst/clk_out1 | iFetch/registers_reg[31][31]_0[0] | decoder/SR[0]                   |               22 |             32 |
|  clock/clkGenerator/inst/clk_out1 |                                   |                                 |               10 |             34 |
+-----------------------------------+-----------------------------------+---------------------------------+------------------+----------------+


+--------+-----------------------+
| Fanout | Number of ControlSets |
+--------+-----------------------+
| 1      |                     1 |
| 2      |                     1 |
| 7      |                     2 |
| 12     |                     1 |
| 16+    |                    38 |
+--------+-----------------------+


